
*** Running vivado
    with args -log toplevel.vds -m64 -product Vivado -mode batch -messageDb vivado.pb -notrace -source toplevel.tcl


ECHO ist ausgeschaltet (OFF).
ECHO ist ausgeschaltet (OFF).

****** Vivado v2023.2 (64-bit)
  **** SW Build 4029153 on Fri Oct 13 20:14:34 MDT 2023
  **** IP Build 4028589 on Sat Oct 14 00:45:43 MDT 2023
  **** SharedData Build 4025554 on Tue Oct 10 17:18:54 MDT 2023
    ** Copyright 1986-2022 Xilinx, Inc. All Rights Reserved.
    ** Copyright 2022-2023 Advanced Micro Devices, Inc. All Rights Reserved.

source toplevel.tcl -notrace
create_project: Time (s): cpu = 00:00:07 ; elapsed = 00:00:08 . Memory (MB): peak = 472.637 ; gain = 176.266
Command: read_checkpoint -auto_incremental -incremental C:/Users/Rubsen/Documents/Vivado/Prozessor/Prozessor.srcs/utils_1/imports/synth_1/toplevel.dcp
INFO: [Vivado 12-5825] Read reference checkpoint from C:/Users/Rubsen/Documents/Vivado/Prozessor/Prozessor.srcs/utils_1/imports/synth_1/toplevel.dcp for incremental synthesis
INFO: [Vivado 12-7989] Please ensure there are no constraint changes
Command: synth_design -top toplevel -part xc7a35tcpg236-1
Starting synth_design
Attempting to get a license for feature 'Synthesis' and/or device 'xc7a35t'
INFO: [Common 17-349] Got license for feature 'Synthesis' and/or device 'xc7a35t'
INFO: [Designutils 20-5440] No compile time benefit to using incremental synthesis; A full resynthesis will be run
INFO: [Designutils 20-4379] Flow is switching to default flow due to incremental criteria not met. If you would like to alter this behaviour and have the flow terminate instead, please set the following parameter config_implementation {autoIncr.Synth.RejectBehavior Terminate}
INFO: [Synth 8-7079] Multithreading enabled for synth_design using a maximum of 2 processes.
INFO: [Synth 8-7078] Launching helper process for spawning children vivado processes
INFO: [Synth 8-7075] Helper process launched with PID 11732
---------------------------------------------------------------------------------
Starting Synthesize : Time (s): cpu = 00:00:07 ; elapsed = 00:00:07 . Memory (MB): peak = 925.262 ; gain = 441.328
---------------------------------------------------------------------------------
INFO: [Synth 8-638] synthesizing module 'toplevel' [C:/Users/Rubsen/Documents/Vivado/Prozessor/hw_beschr/toplevel.vhd:51]
INFO: [Synth 8-3491] module 'Program_Counter' declared at 'C:/Users/Rubsen/Documents/Vivado/Prozessor/hw_beschr/Program_Counter.vhd:31' bound to instance 'Program_Counter_1' of component 'Program_Counter' [C:/Users/Rubsen/Documents/Vivado/Prozessor/hw_beschr/toplevel.vhd:155]
INFO: [Synth 8-638] synthesizing module 'Program_Counter' [C:/Users/Rubsen/Documents/Vivado/Prozessor/hw_beschr/Program_Counter.vhd:40]
INFO: [Synth 8-256] done synthesizing module 'Program_Counter' (0#1) [C:/Users/Rubsen/Documents/Vivado/Prozessor/hw_beschr/Program_Counter.vhd:40]
INFO: [Synth 8-3491] module 'prog_mem' declared at 'C:/Users/Rubsen/Documents/Vivado/Prozessor/hw_beschr/prog_mem.vhd:34' bound to instance 'prog_mem_1' of component 'prog_mem' [C:/Users/Rubsen/Documents/Vivado/Prozessor/hw_beschr/toplevel.vhd:162]
INFO: [Synth 8-638] synthesizing module 'prog_mem' [C:/Users/Rubsen/Documents/Vivado/Prozessor/hw_beschr/prog_mem.vhd:40]
INFO: [Synth 8-256] done synthesizing module 'prog_mem' (0#1) [C:/Users/Rubsen/Documents/Vivado/Prozessor/hw_beschr/prog_mem.vhd:40]
INFO: [Synth 8-3491] module 'decoder' declared at 'C:/Users/Rubsen/Documents/Vivado/Prozessor/hw_beschr/decoder.vhd:29' bound to instance 'decoder_1' of component 'decoder' [C:/Users/Rubsen/Documents/Vivado/Prozessor/hw_beschr/toplevel.vhd:168]
INFO: [Synth 8-638] synthesizing module 'decoder' [C:/Users/Rubsen/Documents/Vivado/Prozessor/hw_beschr/decoder.vhd:44]
INFO: [Synth 8-256] done synthesizing module 'decoder' (0#1) [C:/Users/Rubsen/Documents/Vivado/Prozessor/hw_beschr/decoder.vhd:44]
INFO: [Synth 8-3491] module 'Reg_File' declared at 'C:/Users/Rubsen/Documents/Vivado/Prozessor/hw_beschr/Reg_File.vhd:23' bound to instance 'Reg_File_1' of component 'Reg_File' [C:/Users/Rubsen/Documents/Vivado/Prozessor/hw_beschr/toplevel.vhd:181]
INFO: [Synth 8-638] synthesizing module 'Reg_File' [C:/Users/Rubsen/Documents/Vivado/Prozessor/hw_beschr/Reg_File.vhd:37]
INFO: [Synth 8-256] done synthesizing module 'Reg_File' (0#1) [C:/Users/Rubsen/Documents/Vivado/Prozessor/hw_beschr/Reg_File.vhd:37]
INFO: [Synth 8-3491] module 'ALU' declared at 'C:/Users/Rubsen/Documents/Vivado/Prozessor/hw_beschr/ALU.vhd:25' bound to instance 'ALU_1' of component 'ALU' [C:/Users/Rubsen/Documents/Vivado/Prozessor/hw_beschr/toplevel.vhd:192]
INFO: [Synth 8-638] synthesizing module 'ALU' [C:/Users/Rubsen/Documents/Vivado/Prozessor/hw_beschr/ALU.vhd:37]
INFO: [Synth 8-256] done synthesizing module 'ALU' (0#1) [C:/Users/Rubsen/Documents/Vivado/Prozessor/hw_beschr/ALU.vhd:37]
INFO: [Synth 8-3491] module 'SREG' declared at 'C:/Users/Rubsen/Documents/Vivado/Prozessor/hw_beschr/SREG.vhd:32' bound to instance 'SREG_1' of component 'SREG' [C:/Users/Rubsen/Documents/Vivado/Prozessor/hw_beschr/toplevel.vhd:203]
INFO: [Synth 8-638] synthesizing module 'SREG' [C:/Users/Rubsen/Documents/Vivado/Prozessor/hw_beschr/SREG.vhd:41]
INFO: [Synth 8-256] done synthesizing module 'SREG' (0#1) [C:/Users/Rubsen/Documents/Vivado/Prozessor/hw_beschr/SREG.vhd:41]
INFO: [Synth 8-256] done synthesizing module 'toplevel' (0#1) [C:/Users/Rubsen/Documents/Vivado/Prozessor/hw_beschr/toplevel.vhd:51]
WARNING: [Synth 8-7129] Port SREG_IN[7] in module ALU is either unconnected or has no load
WARNING: [Synth 8-7129] Port SREG_IN[6] in module ALU is either unconnected or has no load
WARNING: [Synth 8-7129] Port SREG_IN[5] in module ALU is either unconnected or has no load
WARNING: [Synth 8-7129] Port SREG_IN[4] in module ALU is either unconnected or has no load
WARNING: [Synth 8-7129] Port SREG_IN[3] in module ALU is either unconnected or has no load
WARNING: [Synth 8-7129] Port SREG_IN[2] in module ALU is either unconnected or has no load
WARNING: [Synth 8-7129] Port SREG_IN[1] in module ALU is either unconnected or has no load
---------------------------------------------------------------------------------
Finished Synthesize : Time (s): cpu = 00:00:09 ; elapsed = 00:00:10 . Memory (MB): peak = 1037.051 ; gain = 553.117
---------------------------------------------------------------------------------
---------------------------------------------------------------------------------
Finished Constraint Validation : Time (s): cpu = 00:00:10 ; elapsed = 00:00:11 . Memory (MB): peak = 1037.051 ; gain = 553.117
---------------------------------------------------------------------------------
---------------------------------------------------------------------------------
Start Loading Part and Timing Information
---------------------------------------------------------------------------------
Loading part: xc7a35tcpg236-1
---------------------------------------------------------------------------------
Finished Loading Part and Timing Information : Time (s): cpu = 00:00:10 ; elapsed = 00:00:11 . Memory (MB): peak = 1037.051 ; gain = 553.117
---------------------------------------------------------------------------------
INFO: [Device 21-403] Loading part xc7a35tcpg236-1
---------------------------------------------------------------------------------
Finished RTL Optimization Phase 2 : Time (s): cpu = 00:00:11 ; elapsed = 00:00:11 . Memory (MB): peak = 1037.051 ; gain = 553.117
---------------------------------------------------------------------------------
No constraint files found.
---------------------------------------------------------------------------------
Start RTL Component Statistics 
---------------------------------------------------------------------------------
Detailed RTL Component Info : 
+---Adders : 
	   2 Input    9 Bit       Adders := 1     
	   2 Input    8 Bit       Adders := 3     
	   3 Input    8 Bit       Adders := 2     
+---XORs : 
	   2 Input      8 Bit         XORs := 1     
	   2 Input      1 Bit         XORs := 2     
+---Registers : 
	                9 Bit    Registers := 1     
	                1 Bit    Registers := 8     
+---Muxes : 
	   4 Input   16 Bit        Muxes := 1     
	   2 Input    8 Bit        Muxes := 4     
	   9 Input    8 Bit        Muxes := 1     
	   7 Input    8 Bit        Muxes := 1     
	   3 Input    8 Bit        Muxes := 1     
	   5 Input    8 Bit        Muxes := 1     
	   2 Input    6 Bit        Muxes := 1     
	   9 Input    6 Bit        Muxes := 1     
	   2 Input    5 Bit        Muxes := 2     
	   9 Input    5 Bit        Muxes := 2     
	   7 Input    5 Bit        Muxes := 1     
	   6 Input    5 Bit        Muxes := 1     
	  12 Input    5 Bit        Muxes := 1     
	  12 Input    4 Bit        Muxes := 1     
	   2 Input    4 Bit        Muxes := 1     
	   9 Input    4 Bit        Muxes := 1     
	 512 Input    2 Bit        Muxes := 1     
	  12 Input    2 Bit        Muxes := 1     
	   2 Input    2 Bit        Muxes := 1     
	   9 Input    2 Bit        Muxes := 1     
	  12 Input    1 Bit        Muxes := 1     
	   2 Input    1 Bit        Muxes := 3     
	   9 Input    1 Bit        Muxes := 1     
	   6 Input    1 Bit        Muxes := 1     
	   3 Input    1 Bit        Muxes := 2     
---------------------------------------------------------------------------------
Finished RTL Component Statistics 
---------------------------------------------------------------------------------
---------------------------------------------------------------------------------
Start Part Resource Summary
---------------------------------------------------------------------------------
Part Resources:
DSPs: 90 (col length:60)
BRAMs: 100 (col length: RAMB18 60 RAMB36 30)
---------------------------------------------------------------------------------
Finished Part Resource Summary
---------------------------------------------------------------------------------
No constraint files found.
---------------------------------------------------------------------------------
Start Cross Boundary and Area Optimization
---------------------------------------------------------------------------------
WARNING: [Synth 8-7080] Parallel synthesis criteria is not met
---------------------------------------------------------------------------------
Finished Cross Boundary and Area Optimization : Time (s): cpu = 00:00:17 ; elapsed = 00:00:18 . Memory (MB): peak = 1211.535 ; gain = 727.602
---------------------------------------------------------------------------------
No constraint files found.
---------------------------------------------------------------------------------
Start Timing Optimization
---------------------------------------------------------------------------------
---------------------------------------------------------------------------------
Finished Timing Optimization : Time (s): cpu = 00:00:17 ; elapsed = 00:00:18 . Memory (MB): peak = 1211.535 ; gain = 727.602
---------------------------------------------------------------------------------
---------------------------------------------------------------------------------
Start Technology Mapping
---------------------------------------------------------------------------------
---------------------------------------------------------------------------------
Finished Technology Mapping : Time (s): cpu = 00:00:17 ; elapsed = 00:00:18 . Memory (MB): peak = 1211.535 ; gain = 727.602
---------------------------------------------------------------------------------
---------------------------------------------------------------------------------
Start IO Insertion
---------------------------------------------------------------------------------
---------------------------------------------------------------------------------
Start Flattening Before IO Insertion
---------------------------------------------------------------------------------
---------------------------------------------------------------------------------
Finished Flattening Before IO Insertion
---------------------------------------------------------------------------------
---------------------------------------------------------------------------------
Start Final Netlist Cleanup
---------------------------------------------------------------------------------
---------------------------------------------------------------------------------
Finished Final Netlist Cleanup
---------------------------------------------------------------------------------
---------------------------------------------------------------------------------
Finished IO Insertion : Time (s): cpu = 00:00:24 ; elapsed = 00:00:25 . Memory (MB): peak = 1211.535 ; gain = 727.602
---------------------------------------------------------------------------------
---------------------------------------------------------------------------------
Start Renaming Generated Instances
---------------------------------------------------------------------------------
---------------------------------------------------------------------------------
Finished Renaming Generated Instances : Time (s): cpu = 00:00:24 ; elapsed = 00:00:25 . Memory (MB): peak = 1211.535 ; gain = 727.602
---------------------------------------------------------------------------------
---------------------------------------------------------------------------------
Start Rebuilding User Hierarchy
---------------------------------------------------------------------------------
---------------------------------------------------------------------------------
Finished Rebuilding User Hierarchy : Time (s): cpu = 00:00:24 ; elapsed = 00:00:25 . Memory (MB): peak = 1211.535 ; gain = 727.602
---------------------------------------------------------------------------------
---------------------------------------------------------------------------------
Start Renaming Generated Ports
---------------------------------------------------------------------------------
---------------------------------------------------------------------------------
Finished Renaming Generated Ports : Time (s): cpu = 00:00:24 ; elapsed = 00:00:25 . Memory (MB): peak = 1211.535 ; gain = 727.602
---------------------------------------------------------------------------------
---------------------------------------------------------------------------------
Start Handling Custom Attributes
---------------------------------------------------------------------------------
---------------------------------------------------------------------------------
Finished Handling Custom Attributes : Time (s): cpu = 00:00:24 ; elapsed = 00:00:25 . Memory (MB): peak = 1211.535 ; gain = 727.602
---------------------------------------------------------------------------------
---------------------------------------------------------------------------------
Start Renaming Generated Nets
---------------------------------------------------------------------------------
---------------------------------------------------------------------------------
Finished Renaming Generated Nets : Time (s): cpu = 00:00:24 ; elapsed = 00:00:25 . Memory (MB): peak = 1211.535 ; gain = 727.602
---------------------------------------------------------------------------------
---------------------------------------------------------------------------------
Start Writing Synthesis Report
---------------------------------------------------------------------------------

Report BlackBoxes: 
+-+--------------+----------+
| |BlackBox name |Instances |
+-+--------------+----------+
+-+--------------+----------+

Report Cell Usage: 
+-+-----+------+
| |Cell |Count |
+-+-----+------+
+-+-----+------+

Report Instance Areas: 
+------+---------+-------+------+
|      |Instance |Module |Cells |
+------+---------+-------+------+
|1     |top      |       |     0|
+------+---------+-------+------+
---------------------------------------------------------------------------------
Finished Writing Synthesis Report : Time (s): cpu = 00:00:24 ; elapsed = 00:00:25 . Memory (MB): peak = 1211.535 ; gain = 727.602
---------------------------------------------------------------------------------
Synthesis finished with 0 errors, 0 critical warnings and 8 warnings.
Synthesis Optimization Runtime : Time (s): cpu = 00:00:24 ; elapsed = 00:00:25 . Memory (MB): peak = 1211.535 ; gain = 727.602
Synthesis Optimization Complete : Time (s): cpu = 00:00:24 ; elapsed = 00:00:25 . Memory (MB): peak = 1211.535 ; gain = 727.602
INFO: [Project 1-571] Translating synthesized netlist
Netlist sorting complete. Time (s): cpu = 00:00:00 ; elapsed = 00:00:00 . Memory (MB): peak = 1211.535 ; gain = 0.000
INFO: [Project 1-570] Preparing netlist for logic optimization
INFO: [Opt 31-138] Pushed 0 inverter(s) to 0 load pin(s).
Netlist sorting complete. Time (s): cpu = 00:00:00 ; elapsed = 00:00:00 . Memory (MB): peak = 1314.270 ; gain = 0.000
INFO: [Project 1-111] Unisim Transformation Summary:
No Unisim elements were transformed.

Das System kann den angegebenen Pfad nicht finden.
Synth Design complete | Checksum: 9145427b
INFO: [Common 17-83] Releasing license: Synthesis
34 Infos, 8 Warnings, 0 Critical Warnings and 0 Errors encountered.
synth_design completed successfully
synth_design: Time (s): cpu = 00:00:26 ; elapsed = 00:00:28 . Memory (MB): peak = 1314.270 ; gain = 837.660
INFO: [Common 17-1381] The checkpoint 'C:/Users/Rubsen/Documents/Vivado/Prozessor/Prozessor.runs/synth_1/toplevel.dcp' has been generated.
INFO: [runtcl-4] Executing : report_utilization -file toplevel_utilization_synth.rpt -pb toplevel_utilization_synth.pb
INFO: [Common 17-206] Exiting Vivado at Wed Nov 15 12:56:32 2023...
